#-----------------------------------------------------------
# Vivado v2016.3 (64-bit)
# SW Build 1682563 on Mon Oct 10 19:07:27 MDT 2016
# IP Build 1681267 on Mon Oct 10 21:28:31 MDT 2016
# Start of session at: Thu Nov 27 21:17:41 2025
# Process ID: 26676
# Current directory: C:/Users/Vikram/Pictures/Saved Pictures/02_HLS_Implementation/SIMD_LongDivision_HLS
# Command line: vivado.exe -gui_launcher_event rodinguilauncherevent25308 C:\Users\Vikram\Pictures\Saved Pictures\02_HLS_Implementation\SIMD_LongDivision_HLS\SIMD_LongDivision_HLS.xpr
# Log file: C:/Users/Vikram/Pictures/Saved Pictures/02_HLS_Implementation/SIMD_LongDivision_HLS/vivado.log
# Journal file: C:/Users/Vikram/Pictures/Saved Pictures/02_HLS_Implementation/SIMD_LongDivision_HLS\vivado.jou
#-----------------------------------------------------------
start_gui
open_project {C:/Users/Vikram/Pictures/Saved Pictures/02_HLS_Implementation/SIMD_LongDivision_HLS/SIMD_LongDivision_HLS.xpr}
INFO: [ProjectBase 1-489] The host OS only allows 260 characters in a normal path. The project is stored in a path with more than 80 characters. If you experience issues with IP, Block Designs, or files not being found, please consider moving the project to a location with a shorter path. Alternately consider using the OS subst command to map part of the path to a drive letter.
Current project path is 'C:/Users/Vikram/Pictures/Saved Pictures/02_HLS_Implementation/SIMD_LongDivision_HLS'
CRITICAL WARNING: [Project 1-19] Could not find the file 'C:/Users/Vikram/Pictures/Saved Pictures/HLS_Implementation/HLS_Implementation.srcs/sources_1/bd/longdivision_zynq_system/longdivision_zynq_system.bd'.
ERROR: [BD 41-587] Cannot read BD file <C:/Users/Vikram/Pictures/Saved Pictures/HLS_Implementation/HLS_Implementation.srcs/sources_1/bd/longdivision_zynq_system/longdivision_zynq_system.bd>
ERROR: [BD 41-1155] Could not initialize Parser using <C:/Users/Vikram/Pictures/Saved Pictures/HLS_Implementation/HLS_Implementation.srcs/sources_1/bd/longdivision_zynq_system/longdivision_zynq_system.bd>
CRITICAL WARNING: [Project 1-19] Could not find the file 'C:/Users/Vikram/Pictures/Saved Pictures/HLS_Implementation/HLS_Implementation.srcs/sources_1/bd/longdivision_zynq_system/hdl/longdivision_zynq_system_wrapper.vhd'.
Scanning sources...
Finished scanning sources
WARNING: [Project 1-509] GeneratedRun file for 'synth_1' not found
WARNING: [Project 1-509] GeneratedRun file for 'longdivision_zynq_system_processing_system7_0_0_synth_1' not found
WARNING: [Project 1-509] GeneratedRun file for 'longdivision_zynq_system_AXI_LongDivision_0_0_synth_1' not found
WARNING: [Project 1-509] GeneratedRun file for 'longdivision_zynq_system_rst_ps7_0_50M_0_synth_1' not found
WARNING: [Project 1-509] GeneratedRun file for 'impl_1' not found
WARNING: [filemgmt 56-3] IP Output Repository Path: Could not find the directory 'C:/Users/Vikram/Pictures/Saved Pictures/HLS_Implementation/HLS_Implementation.cache/ip'.
WARNING: [filemgmt 56-3] IPUserFilesDir: Could not find the directory 'C:/Users/Vikram/Pictures/Saved Pictures/HLS_Implementation/HLS_Implementation.ip_user_files'.
WARNING: [Project 1-533] File 'C:/Users/Vikram/Pictures/Saved Pictures/HLS_Implementation/HLS_Implementation.srcs/sources_1/bd/longdivision_zynq_system/ip/longdivision_zynq_system_AXI_LongDivision_0_0/longdivision_zynq_system_AXI_LongDivision_0_0.xci' could not be found in the subdesign 'C:/Users/Vikram/Pictures/Saved Pictures/HLS_Implementation/HLS_Implementation.srcs/sources_1/bd/longdivision_zynq_system/longdivision_zynq_system.bd', but fileset 'longdivision_zynq_system_AXI_LongDivision_0_0' still exists. The fileset and corresponding run(s) will be deleted the next time top-level synthesis is run.
WARNING: [Project 1-533] File 'C:/Users/Vikram/Pictures/Saved Pictures/HLS_Implementation/HLS_Implementation.srcs/sources_1/bd/longdivision_zynq_system/ip/longdivision_zynq_system_processing_system7_0_0/longdivision_zynq_system_processing_system7_0_0.xci' could not be found in the subdesign 'C:/Users/Vikram/Pictures/Saved Pictures/HLS_Implementation/HLS_Implementation.srcs/sources_1/bd/longdivision_zynq_system/longdivision_zynq_system.bd', but fileset 'longdivision_zynq_system_processing_system7_0_0' still exists. The fileset and corresponding run(s) will be deleted the next time top-level synthesis is run.
WARNING: [Project 1-533] File 'C:/Users/Vikram/Pictures/Saved Pictures/HLS_Implementation/HLS_Implementation.srcs/sources_1/bd/longdivision_zynq_system/ip/longdivision_zynq_system_rst_ps7_0_50M_0/longdivision_zynq_system_rst_ps7_0_50M_0.xci' could not be found in the subdesign 'C:/Users/Vikram/Pictures/Saved Pictures/HLS_Implementation/HLS_Implementation.srcs/sources_1/bd/longdivision_zynq_system/longdivision_zynq_system.bd', but fileset 'longdivision_zynq_system_rst_ps7_0_50M_0' still exists. The fileset and corresponding run(s) will be deleted the next time top-level synthesis is run.
INFO: [IP_Flow 19-234] Refreshing IP repositories
INFO: [IP_Flow 19-1700] Loaded user IP repository 'c:/Users/Vikram/Downloads/3050/3050/ip_repo'.
INFO: [IP_Flow 19-2313] Loaded Vivado IP repository 'C:/Xilinx/Vivado/2016.3/data/ip'.
ERROR: [Common 17-39] 'open_project' failed due to earlier errors.
exit
INFO: [Common 17-206] Exiting Vivado at Thu Nov 27 21:18:02 2025...
